                                 Started job on |	Apr 27 21:21:31
                             Started mapping on |	Apr 27 21:21:37
                                    Finished on |	Apr 27 22:28:12
       Mapping speed, Million of reads per hour |	0.90

                          Number of input reads |	1000000
                      Average input read length |	300
                                    UNIQUE READS:
                   Uniquely mapped reads number |	33867
                        Uniquely mapped reads % |	3.39%
                          Average mapped length |	291.65
                       Number of splices: Total |	33263
            Number of splices: Annotated (sjdb) |	32730
                       Number of splices: GT/AG |	32202
                       Number of splices: GC/AG |	152
                       Number of splices: AT/AC |	0
               Number of splices: Non-canonical |	909
                      Mismatch rate per base, % |	0.97%
                         Deletion rate per base |	0.04%
                        Deletion average length |	2.70
                        Insertion rate per base |	0.04%
                       Insertion average length |	2.39
                             MULTI-MAPPING READS:
        Number of reads mapped to multiple loci |	1316
             % of reads mapped to multiple loci |	0.13%
        Number of reads mapped to too many loci |	11
             % of reads mapped to too many loci |	0.00%
                                  UNMAPPED READS:
       % of reads unmapped: too many mismatches |	0.00%
                 % of reads unmapped: too short |	93.42%
                     % of reads unmapped: other |	3.06%
                                  CHIMERIC READS:
                       Number of chimeric reads |	0
                            % of chimeric reads |	0.00%
