                                 Started job on |	Apr 27 17:17:41
                             Started mapping on |	Apr 27 17:17:42
                                    Finished on |	Apr 27 18:17:43
       Mapping speed, Million of reads per hour |	1.00

                          Number of input reads |	1000000
                      Average input read length |	300
                                    UNIQUE READS:
                   Uniquely mapped reads number |	33801
                        Uniquely mapped reads % |	3.38%
                          Average mapped length |	291.21
                       Number of splices: Total |	30478
            Number of splices: Annotated (sjdb) |	0
                       Number of splices: GT/AG |	29717
                       Number of splices: GC/AG |	130
                       Number of splices: AT/AC |	0
               Number of splices: Non-canonical |	631
                      Mismatch rate per base, % |	0.97%
                         Deletion rate per base |	0.04%
                        Deletion average length |	2.70
                        Insertion rate per base |	0.04%
                       Insertion average length |	2.37
                             MULTI-MAPPING READS:
        Number of reads mapped to multiple loci |	1350
             % of reads mapped to multiple loci |	0.14%
        Number of reads mapped to too many loci |	10
             % of reads mapped to too many loci |	0.00%
                                  UNMAPPED READS:
       % of reads unmapped: too many mismatches |	0.00%
                 % of reads unmapped: too short |	93.36%
                     % of reads unmapped: other |	3.12%
                                  CHIMERIC READS:
                       Number of chimeric reads |	0
                            % of chimeric reads |	0.00%
