                                 Started job on |	Apr 27 18:40:52
                             Started mapping on |	Apr 27 18:40:53
                                    Finished on |	Apr 27 19:42:45
       Mapping speed, Million of reads per hour |	0.97

                          Number of input reads |	1000000
                      Average input read length |	300
                                    UNIQUE READS:
                   Uniquely mapped reads number |	34440
                        Uniquely mapped reads % |	3.44%
                          Average mapped length |	291.69
                       Number of splices: Total |	33820
            Number of splices: Annotated (sjdb) |	33273
                       Number of splices: GT/AG |	32682
                       Number of splices: GC/AG |	181
                       Number of splices: AT/AC |	1
               Number of splices: Non-canonical |	956
                      Mismatch rate per base, % |	0.98%
                         Deletion rate per base |	0.04%
                        Deletion average length |	2.67
                        Insertion rate per base |	0.04%
                       Insertion average length |	2.30
                             MULTI-MAPPING READS:
        Number of reads mapped to multiple loci |	1258
             % of reads mapped to multiple loci |	0.13%
        Number of reads mapped to too many loci |	7
             % of reads mapped to too many loci |	0.00%
                                  UNMAPPED READS:
       % of reads unmapped: too many mismatches |	0.00%
                 % of reads unmapped: too short |	93.39%
                     % of reads unmapped: other |	3.04%
                                  CHIMERIC READS:
                       Number of chimeric reads |	0
                            % of chimeric reads |	0.00%
