STAR version=2.7.0f
STAR compilation time,server,dir=Thu Mar 28 16:14:02 EDT 2019 vega:/home/dobin/data/STAR/STARcode/STAR.master/source
##### DEFAULT parameters:
versionGenome                     2.7.0d
parametersFiles                   -   
sysShell                          -
runMode                           alignReads
runThreadN                        1
runDirPerm                        User_RWX
runRNGseed                        777
genomeDir                         ./GenomeDir/
genomeLoad                        NoSharedMemory
genomeFastaFiles                  -   
genomeChainFiles                  -   
genomeSAindexNbases               14
genomeChrBinNbits                 18
genomeSAsparseD                   1
genomeSuffixLengthMax             18446744073709551615
genomeFileSizes                   0   
genomeConsensusFile               -
readFilesType                     Fastx   
readFilesIn                       Read1   Read2   
readFilesPrefix                   -
readFilesCommand                  -   
readMatesLengthsIn                NotEqual
readMapNumber                     18446744073709551615
readNameSeparator                 /   
inputBAMfile                      -
bamRemoveDuplicatesType           -
bamRemoveDuplicatesMate2basesN    0
limitGenomeGenerateRAM            31000000000
limitIObufferSize                 150000000
limitOutSAMoneReadBytes           100000
limitOutSJcollapsed               1000000
limitOutSJoneRead                 1000
limitBAMsortRAM                   0
limitSjdbInsertNsj                1000000
limitNreadsSoft                   18446744073709551615
outFileNamePrefix                 ./
outTmpDir                         -
outTmpKeep                        None
outStd                            Log
outReadsUnmapped                  None
outQSconversionAdd                0
outMultimapperOrder               Old_2.4
outSAMtype                        SAM   
outSAMmode                        Full
outSAMstrandField                 None
outSAMattributes                  Standard   
outSAMunmapped                    None   
outSAMorder                       Paired
outSAMprimaryFlag                 OneBestScore
outSAMreadID                      Standard
outSAMmapqUnique                  255
outSAMflagOR                      0
outSAMflagAND                     65535
outSAMattrRGline                  -   
outSAMheaderHD                    -   
outSAMheaderPG                    -   
outSAMheaderCommentFile           -
outBAMcompression                 1
outBAMsortingThreadN              0
outBAMsortingBinsN                50
outSAMfilter                      None   
outSAMmultNmax                    18446744073709551615
outSAMattrIHstart                 1
outSAMtlen                        1
outSJfilterReads                  All
outSJfilterCountUniqueMin         3   1   1   1   
outSJfilterCountTotalMin          3   1   1   1   
outSJfilterOverhangMin            30   12   12   12   
outSJfilterDistToOtherSJmin       10   0   5   10   
outSJfilterIntronMaxVsReadN       50000   100000   200000   
outWigType                        None   
outWigStrand                      Stranded   
outWigReferencesPrefix            -
outWigNorm                        RPM   
outFilterType                     Normal
outFilterMultimapNmax             10
outFilterMultimapScoreRange       1
outFilterScoreMin                 0
outFilterScoreMinOverLread        0.66
outFilterMatchNmin                0
outFilterMatchNminOverLread       0.66
outFilterMismatchNmax             10
outFilterMismatchNoverLmax        0.3
outFilterMismatchNoverReadLmax    1
outFilterIntronMotifs             None
outFilterIntronStrands            RemoveInconsistentStrands
clip5pNbases                      0   
clip3pNbases                      0   
clip3pAfterAdapterNbases          0   
clip3pAdapterSeq                  -   
clip3pAdapterMMp                  0.1   
winBinNbits                       16
winAnchorDistNbins                9
winFlankNbins                     4
winAnchorMultimapNmax             50
winReadCoverageRelativeMin        0.5
winReadCoverageBasesMin           0
scoreGap                          0
scoreGapNoncan                    -8
scoreGapGCAG                      -4
scoreGapATAC                      -8
scoreStitchSJshift                1
scoreGenomicLengthLog2scale       -0.25
scoreDelBase                      -2
scoreDelOpen                      -2
scoreInsOpen                      -2
scoreInsBase                      -2
seedSearchLmax                    0
seedSearchStartLmax               50
seedSearchStartLmaxOverLread      1
seedPerReadNmax                   1000
seedPerWindowNmax                 50
seedNoneLociPerWindow             10
seedMultimapNmax                  10000
seedSplitMin                      12
alignIntronMin                    21
alignIntronMax                    0
alignMatesGapMax                  0
alignTranscriptsPerReadNmax       10000
alignSJoverhangMin                5
alignSJDBoverhangMin              3
alignSJstitchMismatchNmax         0   -1   0   0   
alignSplicedMateMapLmin           0
alignSplicedMateMapLminOverLmate    0.66
alignWindowsPerReadNmax           10000
alignTranscriptsPerWindowNmax     100
alignEndsType                     Local
alignSoftClipAtReferenceEnds      Yes
alignEndsProtrude                 0   ConcordantPair   
alignInsertionFlush               None
peOverlapNbasesMin                0
peOverlapMMp                      0.01
chimSegmentMin                    0
chimScoreMin                      0
chimScoreDropMax                  20
chimScoreSeparation               10
chimScoreJunctionNonGTAG          -1
chimMainSegmentMultNmax           10
chimJunctionOverhangMin           20
chimOutType                       Junctions   
chimFilter                        banGenomicN   
chimSegmentReadGapMax             0
chimMultimapNmax                  0
chimMultimapScoreRange            1
chimNonchimScoreDropMin           20
chimOutJunctionFormat             0   
sjdbFileChrStartEnd               -   
sjdbGTFfile                       -
sjdbGTFchrPrefix                  -
sjdbGTFfeatureExon                exon
sjdbGTFtagExonParentTranscript    transcript_id
sjdbGTFtagExonParentGene          gene_id
sjdbOverhang                      100
sjdbScore                         2
sjdbInsertSave                    Basic
varVCFfile                        -
waspOutputMode                    None
quantMode                         -   
quantTranscriptomeBAMcompression    1
quantTranscriptomeBan             IndelSoftclipSingleend
twopass1readsN                    18446744073709551615
twopassMode                       None
soloType                          None
soloCBstart                       1
soloUMIstart                      17
soloCBlen                         16
soloUMIlen                        10
soloBarcodeReadLength             1
soloCBwhitelist                   -
soloStrand                        Forward
soloOutFileNames                  Solo.out/   genes.tsv   barcodes.tsv   matrix.mtx   matrixSJ.mtx   
soloFeatures                      Gene   
soloUMIdedup                      1MM_All   
##### Command Line:
STAR --genomeDir ../../../../ref/star-index-2/S1 --readFilesIn ../../../../data/S1_L001_R1_001.fastq ../../../../data/S1_L001_R2_001.fastq --runThreadN 4
##### Initial USER parameters from Command Line:
###### All USER parameters from Command Line:
genomeDir                     ../../../../ref/star-index-2/S1     ~RE-DEFINED
readFilesIn                   ../../../../data/S1_L001_R1_001.fastq   ../../../../data/S1_L001_R2_001.fastq        ~RE-DEFINED
runThreadN                    4     ~RE-DEFINED
##### Finished reading parameters from all sources

##### Final user re-defined parameters-----------------:
runThreadN                        4
genomeDir                         ../../../../ref/star-index-2/S1
readFilesIn                       ../../../../data/S1_L001_R1_001.fastq   ../../../../data/S1_L001_R2_001.fastq   

-------------------------------
##### Final effective command line:
STAR   --runThreadN 4   --genomeDir ../../../../ref/star-index-2/S1   --readFilesIn ../../../../data/S1_L001_R1_001.fastq   ../../../../data/S1_L001_R2_001.fastq   

##### Final parameters after user input--------------------------------:
versionGenome                     2.7.0d
parametersFiles                   -   
sysShell                          -
runMode                           alignReads
runThreadN                        4
runDirPerm                        User_RWX
runRNGseed                        777
genomeDir                         ../../../../ref/star-index-2/S1
genomeLoad                        NoSharedMemory
genomeFastaFiles                  -   
genomeChainFiles                  -   
genomeSAindexNbases               14
genomeChrBinNbits                 18
genomeSAsparseD                   1
genomeSuffixLengthMax             18446744073709551615
genomeFileSizes                   0   
genomeConsensusFile               -
readFilesType                     Fastx   
readFilesIn                       ../../../../data/S1_L001_R1_001.fastq   ../../../../data/S1_L001_R2_001.fastq   
readFilesPrefix                   -
readFilesCommand                  -   
readMatesLengthsIn                NotEqual
readMapNumber                     18446744073709551615
readNameSeparator                 /   
inputBAMfile                      -
bamRemoveDuplicatesType           -
bamRemoveDuplicatesMate2basesN    0
limitGenomeGenerateRAM            31000000000
limitIObufferSize                 150000000
limitOutSAMoneReadBytes           100000
limitOutSJcollapsed               1000000
limitOutSJoneRead                 1000
limitBAMsortRAM                   0
limitSjdbInsertNsj                1000000
limitNreadsSoft                   18446744073709551615
outFileNamePrefix                 ./
outTmpDir                         -
outTmpKeep                        None
outStd                            Log
outReadsUnmapped                  None
outQSconversionAdd                0
outMultimapperOrder               Old_2.4
outSAMtype                        SAM   
outSAMmode                        Full
outSAMstrandField                 None
outSAMattributes                  Standard   
outSAMunmapped                    None   
outSAMorder                       Paired
outSAMprimaryFlag                 OneBestScore
outSAMreadID                      Standard
outSAMmapqUnique                  255
outSAMflagOR                      0
outSAMflagAND                     65535
outSAMattrRGline                  -   
outSAMheaderHD                    -   
outSAMheaderPG                    -   
outSAMheaderCommentFile           -
outBAMcompression                 1
outBAMsortingThreadN              0
outBAMsortingBinsN                50
outSAMfilter                      None   
outSAMmultNmax                    18446744073709551615
outSAMattrIHstart                 1
outSAMtlen                        1
outSJfilterReads                  All
outSJfilterCountUniqueMin         3   1   1   1   
outSJfilterCountTotalMin          3   1   1   1   
outSJfilterOverhangMin            30   12   12   12   
outSJfilterDistToOtherSJmin       10   0   5   10   
outSJfilterIntronMaxVsReadN       50000   100000   200000   
outWigType                        None   
outWigStrand                      Stranded   
outWigReferencesPrefix            -
outWigNorm                        RPM   
outFilterType                     Normal
outFilterMultimapNmax             10
outFilterMultimapScoreRange       1
outFilterScoreMin                 0
outFilterScoreMinOverLread        0.66
outFilterMatchNmin                0
outFilterMatchNminOverLread       0.66
outFilterMismatchNmax             10
outFilterMismatchNoverLmax        0.3
outFilterMismatchNoverReadLmax    1
outFilterIntronMotifs             None
outFilterIntronStrands            RemoveInconsistentStrands
clip5pNbases                      0   
clip3pNbases                      0   
clip3pAfterAdapterNbases          0   
clip3pAdapterSeq                  -   
clip3pAdapterMMp                  0.1   
winBinNbits                       16
winAnchorDistNbins                9
winFlankNbins                     4
winAnchorMultimapNmax             50
winReadCoverageRelativeMin        0.5
winReadCoverageBasesMin           0
scoreGap                          0
scoreGapNoncan                    -8
scoreGapGCAG                      -4
scoreGapATAC                      -8
scoreStitchSJshift                1
scoreGenomicLengthLog2scale       -0.25
scoreDelBase                      -2
scoreDelOpen                      -2
scoreInsOpen                      -2
scoreInsBase                      -2
seedSearchLmax                    0
seedSearchStartLmax               50
seedSearchStartLmaxOverLread      1
seedPerReadNmax                   1000
seedPerWindowNmax                 50
seedNoneLociPerWindow             10
seedMultimapNmax                  10000
seedSplitMin                      12
alignIntronMin                    21
alignIntronMax                    0
alignMatesGapMax                  0
alignTranscriptsPerReadNmax       10000
alignSJoverhangMin                5
alignSJDBoverhangMin              3
alignSJstitchMismatchNmax         0   -1   0   0   
alignSplicedMateMapLmin           0
alignSplicedMateMapLminOverLmate    0.66
alignWindowsPerReadNmax           10000
alignTranscriptsPerWindowNmax     100
alignEndsType                     Local
alignSoftClipAtReferenceEnds      Yes
alignEndsProtrude                 0   ConcordantPair   
alignInsertionFlush               None
peOverlapNbasesMin                0
peOverlapMMp                      0.01
chimSegmentMin                    0
chimScoreMin                      0
chimScoreDropMax                  20
chimScoreSeparation               10
chimScoreJunctionNonGTAG          -1
chimMainSegmentMultNmax           10
chimJunctionOverhangMin           20
chimOutType                       Junctions   
chimFilter                        banGenomicN   
chimSegmentReadGapMax             0
chimMultimapNmax                  0
chimMultimapScoreRange            1
chimNonchimScoreDropMin           20
chimOutJunctionFormat             0   
sjdbFileChrStartEnd               -   
sjdbGTFfile                       -
sjdbGTFchrPrefix                  -
sjdbGTFfeatureExon                exon
sjdbGTFtagExonParentTranscript    transcript_id
sjdbGTFtagExonParentGene          gene_id
sjdbOverhang                      100
sjdbScore                         2
sjdbInsertSave                    Basic
varVCFfile                        -
waspOutputMode                    None
quantMode                         -   
quantTranscriptomeBAMcompression    1
quantTranscriptomeBan             IndelSoftclipSingleend
twopass1readsN                    18446744073709551615
twopassMode                       None
soloType                          None
soloCBstart                       1
soloUMIstart                      17
soloCBlen                         16
soloUMIlen                        10
soloBarcodeReadLength             1
soloCBwhitelist                   -
soloStrand                        Forward
soloOutFileNames                  Solo.out/   genes.tsv   barcodes.tsv   matrix.mtx   matrixSJ.mtx   
soloFeatures                      Gene   
soloUMIdedup                      1MM_All   
----------------------------------------

Finished loading and checking parameters
Reading genome generation parameters:
### STAR   --runMode genomeGenerate   --runThreadN 4   --genomeDir ../ref/star-index-2/1   --genomeFastaFiles ../ref/chr22_with_ERCC92.fa      --sjdbFileChrStartEnd ../GATK_results/star_res/1pass/S1_L001/SJ.out.tab      --sjdbOverhang 75
### GstrandBit=32
versionGenome                 2.7.0d     ~RE-DEFINED
genomeFastaFiles              ../ref/chr22_with_ERCC92.fa        ~RE-DEFINED
genomeSAindexNbases           14     ~RE-DEFINED
genomeChrBinNbits             18     ~RE-DEFINED
genomeSAsparseD               1     ~RE-DEFINED
sjdbOverhang                  75     ~RE-DEFINED
sjdbFileChrStartEnd           ../GATK_results/star_res/1pass/S1_L001/SJ.out.tab        ~RE-DEFINED
sjdbGTFfile                   -     ~RE-DEFINED
sjdbGTFchrPrefix              -     ~RE-DEFINED
sjdbGTFfeatureExon            exon     ~RE-DEFINED
sjdbGTFtagExonParentTranscripttranscript_id     ~RE-DEFINED
sjdbGTFtagExonParentGene      gene_id     ~RE-DEFINED
sjdbInsertSave                Basic     ~RE-DEFINED
genomeFileSizes               75382847   327108230        ~RE-DEFINED
Genome version is compatible with current STAR
Number of real (reference) chromosomes= 93
1	22	50818468	0
2	ERCC-00002	1061	50855936
3	ERCC-00003	1023	51118080
4	ERCC-00004	523	51380224
5	ERCC-00009	984	51642368
6	ERCC-00012	994	51904512
7	ERCC-00013	808	52166656
8	ERCC-00014	1957	52428800
9	ERCC-00016	844	52690944
10	ERCC-00017	1136	52953088
11	ERCC-00019	644	53215232
12	ERCC-00022	751	53477376
13	ERCC-00024	536	53739520
14	ERCC-00025	1994	54001664
15	ERCC-00028	1130	54263808
16	ERCC-00031	1138	54525952
17	ERCC-00033	2022	54788096
18	ERCC-00034	1019	55050240
19	ERCC-00035	1130	55312384
20	ERCC-00039	740	55574528
21	ERCC-00040	744	55836672
22	ERCC-00041	1122	56098816
23	ERCC-00042	1023	56360960
24	ERCC-00043	1023	56623104
25	ERCC-00044	1156	56885248
26	ERCC-00046	522	57147392
27	ERCC-00048	992	57409536
28	ERCC-00051	274	57671680
29	ERCC-00053	1023	57933824
30	ERCC-00054	274	58195968
31	ERCC-00057	1021	58458112
32	ERCC-00058	1136	58720256
33	ERCC-00059	525	58982400
34	ERCC-00060	523	59244544
35	ERCC-00061	1136	59506688
36	ERCC-00062	1023	59768832
37	ERCC-00067	644	60030976
38	ERCC-00069	1137	60293120
39	ERCC-00071	642	60555264
40	ERCC-00073	603	60817408
41	ERCC-00074	522	61079552
42	ERCC-00075	1023	61341696
43	ERCC-00076	642	61603840
44	ERCC-00077	273	61865984
45	ERCC-00078	993	62128128
46	ERCC-00079	644	62390272
47	ERCC-00081	534	62652416
48	ERCC-00083	1022	62914560
49	ERCC-00084	994	63176704
50	ERCC-00085	844	63438848
51	ERCC-00086	1020	63700992
52	ERCC-00092	1124	63963136
53	ERCC-00095	521	64225280
54	ERCC-00096	1107	64487424
55	ERCC-00097	523	64749568
56	ERCC-00098	1143	65011712
57	ERCC-00099	1350	65273856
58	ERCC-00104	2022	65536000
59	ERCC-00108	1022	65798144
60	ERCC-00109	536	66060288
61	ERCC-00111	994	66322432
62	ERCC-00112	1136	66584576
63	ERCC-00113	840	66846720
64	ERCC-00116	1991	67108864
65	ERCC-00117	1136	67371008
66	ERCC-00120	536	67633152
67	ERCC-00123	1022	67895296
68	ERCC-00126	1118	68157440
69	ERCC-00130	1059	68419584
70	ERCC-00131	771	68681728
71	ERCC-00134	274	68943872
72	ERCC-00136	1033	69206016
73	ERCC-00137	537	69468160
74	ERCC-00138	1024	69730304
75	ERCC-00142	493	69992448
76	ERCC-00143	784	70254592
77	ERCC-00144	538	70516736
78	ERCC-00145	1042	70778880
79	ERCC-00147	1023	71041024
80	ERCC-00148	494	71303168
81	ERCC-00150	743	71565312
82	ERCC-00154	537	71827456
83	ERCC-00156	494	72089600
84	ERCC-00157	1019	72351744
85	ERCC-00158	1027	72613888
86	ERCC-00160	743	72876032
87	ERCC-00162	523	73138176
88	ERCC-00163	543	73400320
89	ERCC-00164	1022	73662464
90	ERCC-00165	872	73924608
91	ERCC-00168	1024	74186752
92	ERCC-00170	1023	74448896
93	ERCC-00171	505	74711040
--sjdbOverhang = 75 taken from the generated genome
Started loading the genome: Sat Apr 27 18:40:52 2019

Genome: size given as a parameter = 75382847
SA: size given as a parameter = 327108230
SAindex: size given as a parameter = 1
Read from SAindex: pGe.gSAindexNbases=14  nSAi=357913940
nGenome=75382847;  nSAbyte=327108230
GstrandBit=32   SA number of indices=79298964
Shared memory is not used for genomes. Allocated a private copy of the genome.
Genome file size: 75382847 bytes; state: good=1 eof=0 fail=0 bad=0
Loading Genome ... done! state: good=1 eof=0 fail=0 bad=0; loaded 75382847 bytes
SA file size: 327108230 bytes; state: good=1 eof=0 fail=0 bad=0
Loading SA ... done! state: good=1 eof=0 fail=0 bad=0; loaded 327108230 bytes
Loading SAindex ... done: 1565873619 bytes
Finished loading the genome: Sat Apr 27 18:40:53 2019

Processing splice junctions database sjdbN=2713,   pGe.sjdbOverhang=75 
alignIntronMax=alignMatesGapMax=0, the max intron size will be approximately determined by (2^winBinNbits)*winAnchorDistNbins=589824
Created thread # 1
Created thread # 2
Created thread # 3
Thread #3 end of input stream, nextChar=-1
Completed: thread #1
Completed: thread #3
Completed: thread #0
Joined thread # 1
Completed: thread #2
Joined thread # 2
Joined thread # 3
ALL DONE!
